app/build/outputs/mapping/release/seeds.txt
com.xinji.heartbeat.SettingsFragment
com.xinji.heartbeat.BuildConfig
com.xinji.heartbeat.util.LogManager
com.xinji.heartbeat.core.DeviceProfileManager
com.xinji.heartbeat.ConnectFragment$LogEntry
com.xinji.heartbeat.R$array
com.xinji.heartbeat.app.HeartEventBus
com.xinji.heartbeat.SplashActivity
com.xinji.heartbeat.widget.FloatWindowManager
com.xinji.heartbeat.core.GameModeService$1
com.xinji.heartbeat.ConnectFragment$DeviceAdapter$ViewHolder
com.xinji.heartbeat.ConnectFragment$DeviceAdapter
com.xinji.heartbeat.HRMarkerView
com.xinji.heartbeat.GameRecordsActivity
com.xinji.heartbeat.BroadcastActivity$1
com.xinji.heartbeat.GameModeFragment$RecordsAdapter
com.xinji.heartbeat.R$style
com.xinji.heartbeat.ConnectFragment$1
com.xinji.heartbeat.OnboardingActivity$1
com.xinji.heartbeat.HomeFragment
com.xinji.heartbeat.OnboardingActivity
com.xinji.heartbeat.bluetooth.BleManager$1
com.xinji.heartbeat.bluetooth.BleManager$2
com.xinji.heartbeat.BroadcastActivity
com.xinji.heartbeat.SettingsFragment$3
com.xinji.heartbeat.OnboardingActivity$PageData
com.xinji.heartbeat.RecentsUtils
com.xinji.heartbeat.app.PreferencesManager
com.xinji.heartbeat.data.model.BleDeviceInfo
com.xinji.heartbeat.bluetooth.BleManager$ScanDeviceInfo
com.xinji.heartbeat.app.HeartEventBus$EventListener
com.xinji.heartbeat.MainActivity
com.xinji.heartbeat.OnboardingPageFragment
com.xinji.heartbeat.GameModeFragment
com.xinji.heartbeat.mqtt.MqttManager
com.xinji.heartbeat.core.HeartRateManager
com.xinji.heartbeat.data.model.HeartRecord
com.xinji.heartbeat.util.PermissionHelper
com.xinji.heartbeat.server.BroadcastServer
com.xinji.heartbeat.server.BroadcastServer$SseClient
com.xinji.heartbeat.MainActivity$1
com.xinji.heartbeat.R$menu
com.xinji.heartbeat.core.HeartRateManager$HeartRateListener
com.xinji.heartbeat.R$string
com.xinji.heartbeat.R$xml
com.xinji.heartbeat.SettingsFragment$1
com.xinji.heartbeat.server.BroadcastServer$ServerListener
com.xinji.heartbeat.bluetooth.BleManager
com.xinji.heartbeat.bluetooth.BleManager$BleListener
com.xinji.heartbeat.core.GameModeService
com.xinji.heartbeat.core.HeartRateService$1
com.xinji.heartbeat.bluetooth.BleManager$3
com.xinji.heartbeat.GameModeFragment$RecordsAdapter$ViewHolder
com.xinji.heartbeat.core.GameModeService$CheckHandler
com.xinji.heartbeat.MainActivity$ViewPagerAdapter
com.xinji.heartbeat.R$drawable
com.xinji.heartbeat.MainActivity$3
com.xinji.heartbeat.app.HeartServiceLocator
com.xinji.heartbeat.R
com.xinji.heartbeat.mqtt.MqttManager$HeartRateCallback
com.xinji.heartbeat.bluetooth.BleManager$4
com.xinji.heartbeat.MainActivity$2
com.xinji.heartbeat.util.LogManager$LogEntry
com.xinji.heartbeat.R$layout
com.xinji.heartbeat.OnboardingActivity$OnboardingAdapter
com.xinji.heartbeat.mqtt.MqttManager$MqttListener
com.xinji.heartbeat.GameRecordsActivity$1
com.xinji.heartbeat.core.DeviceProfileManager$DeviceProfile
com.xinji.heartbeat.core.HeartRateService
com.xinji.heartbeat.UpdateChecker
com.xinji.heartbeat.ConnectFragment
com.xinji.heartbeat.SettingsFragment$2
com.xinji.heartbeat.bluetooth.BleManager$FilterCallback
com.xinji.heartbeat.R$id
com.xinji.heartbeat.UpdateChecker$Mirror
com.xinji.heartbeat.core.HeartRateManager$TimeoutListener
com.xinji.heartbeat.GameRecordsActivity: android.widget.TextView tvMaxHR
com.xinji.heartbeat.R$layout: int fragment_home
com.xinji.heartbeat.app.PreferencesManager: android.content.SharedPreferences gamePrefs
com.xinji.heartbeat.ConnectFragment$LogEntry: int color
com.xinji.heartbeat.server.BroadcastServer$SseClient: java.net.Socket socket
com.xinji.heartbeat.data.model.HeartRecord: java.util.List hrValues
com.xinji.heartbeat.R$id: int tvDevName
com.xinji.heartbeat.mqtt.MqttManager: int SOCKET_TIMEOUT_MS
com.xinji.heartbeat.bluetooth.BleManager: android.bluetooth.le.ScanCallback autoScanCb
com.xinji.heartbeat.bluetooth.BleManager: android.bluetooth.BluetoothGattCallback filterGattCallback
com.xinji.heartbeat.data.model.BleDeviceInfo: java.lang.String address
...
com.google.android.material.chip.Chip: com.google.android.material.animation.MotionSpec getHideMotionSpec()
com.github.mikephil.charting.data.BaseDataSet: java.lang.String getLabel()
com.github.mikephil.charting.charts.PieChart: void setMinAngleForSlices(float)
com.google.android.material.search.SearchBar: void setHint(java.lang.CharSequence)
com.github.mikephil.charting.utils.Transformer: void rectToPixelPhase(android.graphics.RectF,float)
com.github.mikephil.charting.highlight.ChartHighlighter: java.util.List getHighlightsAtXValue(float,float,float)
com.github.mikephil.charting.components.AxisBase: void removeAllLimitLines()
androidx.constraintlayout.motion.widget.MotionLayout: void setProgress(float)
androidx.lifecycle.ProcessLifecycleOwner$attach$1: void onActivityStopped(android.app.Activity)
com.github.mikephil.charting.components.YAxis: com.github.mikephil.charting.components.YAxis$YAxisLabelPosition getLabelPosition()
com.github.mikephil.charting.charts.PieChart: float getCenterTextRadiusPercent()
com.github.mikephil.charting.renderer.XAxisRenderer: void setupGridPaint()
androidx.appcompat.widget.AppCompatImageButton: void setSupportImageTintList(android.content.res.ColorStateList)
androidx.recyclerview.widget.RecyclerView: void setPreserveFocusAfterLayout(boolean)
com.google.android.material.floatingactionbutton.ExtendedFloatingActionButton: void setHideMotionSpecResource(int)
com.google.android.material.navigation.NavigationBarItemView: void setTextAppearanceInactive(int)
androidx.appcompat.widget.AppCompatTextView: androidx.appcompat.widget.AppCompatEmojiTextHelper getEmojiTextViewHelper()
com.github.mikephil.charting.components.YAxis: void setUseAutoScaleMaxRestriction(boolean)
androidx.appcompat.widget.ActionBarContextView: int getAnimatedVisibility()
androidx.core.content.ContextCompat$Api21Impl: java.io.File getCodeCacheDir(android.content.Context)
com.github.mikephil.charting.renderer.BarLineScatterCandleBubbleRenderer$XBounds: BarLineScatterCandleBubbleRenderer$XBounds(com.github.mikephil.charting.renderer.BarLineScatterCandleBubbleRenderer)
com.google.android.material.navigation.NavigationBarView: void setItemActiveIndicatorShapeAppearance(com.google.android.material.shape.ShapeAppearanceModel)
com.github.mikephil.charting.interfaces.datasets.IBarDataSet: java.lang.String[] getStackLabels()
com.google.android.material.floatingactionbutton.FloatingActionButton: void setHideMotionSpec(com.google.android.material.animation.MotionSpec)
androidx.appcompat.widget.AppCompatCheckedTextView: android.graphics.PorterDuff$Mode getSupportCompoundDrawablesTintMode()
androidx.constraintlayout.widget.ConstraintLayout: int getMaxWidth()
com.github.mikephil.charting.exception.DrawingDataSetNotCreatedException: DrawingDataSetNotCreatedException()
com.google.android.material.textfield.TextInputLayout: android.content.res.ColorStateList getDefaultHintTextColor()
androidx.appcompat.widget.Toolbar: int getTitleMarginTop()
com.github.mikephil.charting.data.BaseDataSet: int getValueTextColor()
com.github.mikephil.charting.data.PieEntry: com.github.mikephil.charting.data.Entry copy()
androidx.recyclerview.widget.RecyclerView: void setAccessibilityDelegateCompat(androidx.recyclerview.widget.RecyclerViewAccessibilityDelegate)
com.google.android.material.navigation.NavigationBarView: void setItemTextColor(android.content.res.ColorStateList)
androidx.appcompat.widget.ActivityChooserView$InnerLayout: ActivityChooserView$InnerLayout(android.content.Context,android.util.AttributeSet)
androidx.fragment.app.Fragment: void setNextTransition(int)
com.google.android.material.navigation.NavigationBarView: int getItemPaddingTop()
com.github.mikephil.charting.renderer.HorizontalBarChartRenderer: void drawValue(android.graphics.Canvas,java.lang.String,float,float,int)
com.google.android.material.search.SearchBar: float getCompatElevation()