app/build/outputs/mapping/release/mapping.txt
# compiler: R8
# compiler_version: 3.3.83
# min_api: 24
# common_typos_disable
# {"id":"com.android.tools.r8.mapping","version":"2.0"}
# pg_map_id: 6c4605e
# pg_map_hash: SHA-256 6c4605e522600148aad60d42df46db762b45b74582a96907ffaaa77a3322ec4e
com.xinji.heartbeat.BroadcastActivity -> com.xinji.heartbeat.BroadcastActivity:
    void $r8$lambda$9JuV_TnRThqbs0OopNy5Q9AemiM(com.xinji.heartbeat.BroadcastActivity) -> g
      # {"id":"com.android.tools.r8.synthesized"}
    void $r8$lambda$LLYe1oQUw8NveKFgTtZnNvl_8Ps(com.xinji.heartbeat.BroadcastActivity,android.view.View) -> h
      # {"id":"com.android.tools.r8.synthesized"}
    void $r8$lambda$_TW4chr_rnSOrjeqQis3nsHfGpo(com.xinji.heartbeat.BroadcastActivity,android.content.DialogInterface,int) -> i
      # {"id":"com.android.tools.r8.synthesized"}
    void $r8$lambda$i_Z0P8TrH5Uk2B6PVSMZd7hAFgI(com.xinji.heartbeat.BroadcastActivity,android.view.View) -> j
      # {"id":"com.android.tools.r8.synthesized"}
    void $r8$lambda$t7_uYNrg5VXXxPrhtZ28VyGDpdg(com.xinji.heartbeat.BroadcastActivity,android.view.View) -> k
      # {"id":"com.android.tools.r8.synthesized"}
    void $r8$lambda$yxXi8dz7Yp5m-jlsS52_4yYRho4(com.xinji.heartbeat.BroadcastActivity,android.widget.CompoundButton,boolean) -> l
      # {"id":"com.android.tools.r8.synthesized"}
    void -$$Nest$mupdateNetworkInfo(com.xinji.heartbeat.BroadcastActivity) -> m
      # {"id":"com.android.tools.r8.synthesized"}
    void -$$Nest$mupdateStatus(com.xinji.heartbeat.BroadcastActivity) -> n
      # {"id":"com.android.tools.r8.synthesized"}
    84:91:android.net.Uri androidx.core.content.FileProvider.getUriForFile(android.content.Context,java.lang.String,java.io.File):0:0 -> shareExeClient
com.xinji.heartbeat.BroadcastActivity$$ExternalSyntheticLambda0 -> com.xinji.heartbeat.a:
# {"id":"sourceFile","fileName":"R8$$SyntheticClass"}
# {"id":"com.android.tools.r8.synthesized"}
    com.xinji.heartbeat.BroadcastActivity com.xinji.heartbeat.BroadcastActivity$$InternalSyntheticLambda$1$5714990b06b696dc60578e98fb1cf0a9a1273c2ede18e216cd670a670e5962f7$0.f$0 -> b
    int com.xinji.heartbeat.BroadcastActivity$$InternalSyntheticLambda$1$5714990b06b696dc60578e98fb1cf0a9a1273c2ede18e216cd670a670e5962f7$0.$r8$classId -> a
    0:65535:void com.xinji.heartbeat.BroadcastActivity$$InternalSyntheticLambda$1$5714990b06b696dc60578e98fb1cf0a9a1273c2ede18e216cd670a670e5962f7$0.<init>(com.xinji.heartbeat.BroadcastActivity):0:0 -> <init>
    0:65535:void com.xinji.heartbeat.BroadcastActivity$$InternalSyntheticLambda$1$5714990b06b696dc60578e98fb1cf0a9a1273c2ede18e216cd670a670e5962f7$0.$r8$init$synthetic(java.lang.Object,int):0 -> <init>
      # {"id":"com.android.tools.r8.synthesized"}
    void com.xinji.heartbeat.BroadcastActivity$$InternalSyntheticLambda$1$5714990b06b696dc60578e98fb1cf0a9a1273c2ede18e216cd670a670e5962f7$0.onClick$bridge(android.content.DialogInterface,int) -> onClick
      # {"id":"com.android.tools.r8.synthesized"}
com.xinji.heartbeat.BroadcastActivity$$ExternalSyntheticLambda1 -> com.xinji.heartbeat.b:
# {"id":"sourceFile","fileName":"R8$$SyntheticClass"}
# {"id":"com.android.tools.r8.synthesized"}
    com.xinji.heartbeat.BroadcastActivity com.xinji.heartbeat.BroadcastActivity$$InternalSyntheticLambda$1$fbc766794c5103e33305688a56896cbdb0c69d06420de295d26d479742999e42$0.f$0 -> b
    int com.xinji.heartbeat.BroadcastActivity$$InternalSyntheticLambda$1$fbc766794c5103e33305688a56896cbdb0c69d06420de295d26d479742999e42$0.$r8$classId -> a
    0:65535:void com.xinji.heartbeat.BroadcastActivity$$InternalSyntheticLambda$1$fbc766794c5103e33305688a56896cbdb0c69d06420de295d26d479742999e42$0.<init>(com.xinji.heartbeat.BroadcastActivity):0:0 -> <init>
    0:65535:void com.xinji.heartbeat.BroadcastActivity$$InternalSyntheticLambda$1$fbc766794c5103e33305688a56896cbdb0c69d06420de295d26d479742999e42$0.$r8$init$synthetic(com.xinji.heartbeat.BroadcastActivity,int):0 -> <init>
      # {"id":"com.android.tools.r8.synthesized"}
    void com.xinji.heartbeat.BroadcastActivity$$InternalSyntheticLambda$1$fbc766794c5103e33305688a56896cbdb0c69d06420de295d26d479742999e42$0.onClick$bridge(android.view.View) -> onClick
      # {"id":"com.android.tools.r8.synthesized"}
...
androidx.core.app.ActivityRecreator$3 -> y.e:
    java.lang.Object val$token -> b
    java.lang.Object val$activityThread -> a
androidx.core.app.ActivityRecreator$LifecycleCheckCallbacks -> y.f$a:
    boolean mDestroyed -> e
    boolean mStopQueued -> f
    java.lang.Object currentlyRecreatingToken -> a
    int mRecreatingHashCode -> c
    android.app.Activity mActivity -> b
    boolean mStarted -> d
    19:61:boolean androidx.core.app.ActivityRecreator.queueOnStopIfNecessary(java.lang.Object,int,android.app.Activity):0:0 -> onActivityPaused
    19:61:void onActivityPaused(android.app.Activity):0 -> onActivityPaused
    62:67:void onActivityPaused(android.app.Activity):0:0 -> onActivityPaused
androidx.core.app.AppOpsManagerCompat$Api23Impl -> y.g:
    java.lang.Object getSystemService(android.content.Context,java.lang.Class) -> a
    int noteProxyOp(android.app.AppOpsManager,java.lang.String,java.lang.String) -> b
    int noteProxyOpNoThrow(android.app.AppOpsManager,java.lang.String,java.lang.String) -> c
    java.lang.String permissionToOp(java.lang.String) -> d
androidx.core.app.AppOpsManagerCompat$Api29Impl -> y.h:
    int checkOpNoThrow(android.app.AppOpsManager,java.lang.String,int,java.lang.String) -> a
    java.lang.String getOpPackageName(android.content.Context) -> b
    android.app.AppOpsManager getSystemService(android.content.Context) -> c
androidx.core.app.ComponentActivity -> y.i:
    4:7:java.lang.Object androidx.collection.SimpleArrayMap.get(java.lang.Object):0:0 -> getExtraData
    4:7:androidx.core.app.ComponentActivity$ExtraData getExtraData(java.lang.Class):0 -> getExtraData
      # {"id":"com.android.tools.r8.rewriteFrame","conditions":["throws(Ljava/lang/NullPointerException;)"],"actions":["removeInnerFrames(1)"]}
    8:10:androidx.core.app.ComponentActivity$ExtraData getExtraData(java.lang.Class):0:0 -> getExtraData
    0:65535:void androidx.lifecycle.ReportFragment.injectIfNeededIn(android.app.Activity):0:0 -> onCreate
    0:65535:void onCreate(android.os.Bundle):0 -> onCreate
    10:15:void androidx.lifecycle.LifecycleRegistry.markState(androidx.lifecycle.Lifecycle$State):0:0 -> onSaveInstanceState
    10:15:void onSaveInstanceState(android.os.Bundle):0 -> onSaveInstanceState
    16:19:void onSaveInstanceState(android.os.Bundle):0:0 -> onSaveInstanceState
androidx.core.app.ComponentActivity$ExtraData -> y.i$a:
androidx.core.app.CoreComponentFactory -> androidx.core.app.CoreComponentFactory:
    java.lang.Object checkCompatWrapper(java.lang.Object) -> a
androidx.core.app.CoreComponentFactory$CompatWrapped -> androidx.core.app.CoreComponentFactory$a:
    java.lang.Object getWrapper() -> a
androidx.core.app.MultiWindowModeChangedInfo -> y.j:
    boolean mIsInMultiWindowMode -> a
androidx.core.app.NavUtils -> y.k:
    8:19:java.lang.String androidx.core.app.NavUtils.getParentActivityName(android.app.Activity):0:0 -> a
    8:19:android.content.Intent getParentActivityIntent(android.app.Activity):0 -> a
    20:74:android.content.Intent getParentActivityIntent(android.app.Activity):0:0 -> a
    75:80:java.lang.String androidx.core.app.NavUtils.getParentActivityName(android.app.Activity):0:0 -> a
    75:80:android.content.Intent getParentActivityIntent(android.app.Activity):0 -> a
    java.lang.String getParentActivityName(android.content.Context,android.content.ComponentName) -> b
androidx.core.app.NavUtils$Api16Impl -> y.k$a:
    android.content.Intent getParentActivityIntent(android.app.Activity) -> a
    boolean navigateUpTo(android.app.Activity,android.content.Intent) -> b
    boolean shouldUpRecreateTask(android.app.Activity,android.content.Intent) -> c
androidx.core.app.NotificationManagerCompat -> y.l:
    android.app.NotificationManager mNotificationManager -> a
androidx.core.app.OnMultiWindowModeChangedProvider -> y.m:
androidx.core.app.OnPictureInPictureModeChangedProvider -> y.n:
androidx.core.app.PictureInPictureModeChangedInfo -> y.o:
    boolean mIsInPictureInPictureMode -> a