app/build/outputs/mapping/release/usage.txt
com.xinji.heartbeat.BroadcastActivity$$InternalSyntheticLambda$1$de401bcf5b0ba5fed4c107fc95fdeca2ac0960536c4f196bda9fd1d8caa93bda$0
com.xinji.heartbeat.BroadcastActivity$$InternalSyntheticLambda$1$fbc766794c5103e33305688a56896cbdb0c69d06420de295d26d479742999e42$2
com.xinji.heartbeat.BroadcastActivity$1$$InternalSyntheticLambda$1$ffa95e1bd7c50edeb5e56c18c3f9d44feeb0dc6836fecc737100c4b0d42d2e6e$0
com.xinji.heartbeat.ConnectFragment$$InternalSyntheticLambda$1$390e970a4ebc763080b9768fc7709c5a573436a106bcec161c786d6df79c14e1$0:
    private static synthetic void $r8$constructor$com$xinji$heartbeat$ConnectFragment$$InternalSyntheticLambda$1$390e970a4ebc763080b9768fc7709c5a573436a106bcec161c786d6df79c14e1$0()
    private static synthetic void $r8$constructor$com$xinji$heartbeat$app$HeartEventBus$$InternalSyntheticLambda$1$f0ebdc65699ce9a58a4d4502090412dde276e3610cd74eaa9423d861a94ee5c2$0()
com.xinji.heartbeat.ConnectFragment$$InternalSyntheticLambda$1$5d4cc0296830917bb9de42939f4af904fd055dc84cc86d4f2f3b62f22049d39b$1
com.xinji.heartbeat.ConnectFragment$$InternalSyntheticLambda$1$5d4cc0296830917bb9de42939f4af904fd055dc84cc86d4f2f3b62f22049d39b$2
com.xinji.heartbeat.ConnectFragment$$InternalSyntheticLambda$1$5d4cc0296830917bb9de42939f4af904fd055dc84cc86d4f2f3b62f22049d39b$3
com.xinji.heartbeat.ConnectFragment$$InternalSyntheticLambda$1$703e4ef32c8b281ff41c5d75f379fad924abbcdc3ca46487e1af5663b156cfb9$0
com.xinji.heartbeat.ConnectFragment$$InternalSyntheticLambda$1$afc9f7a028377981e9444d2a839dc15b75e99280219ddfffc963e1a828566f7c$0
com.xinji.heartbeat.ConnectFragment$$InternalSyntheticLambda$1$c2547b43cc91e5a876931286718e91c19de1571ed49f28b3281861d3ebf72abd$0
com.xinji.heartbeat.ConnectFragment$$InternalSyntheticLambda$1$d1ab36e8490c9a34fb4cbe8c5b94c504898acb6b918a60ad76931f781389b4d5$0
com.xinji.heartbeat.ConnectFragment$$InternalSyntheticLambda$1$d1ab36e8490c9a34fb4cbe8c5b94c504898acb6b918a60ad76931f781389b4d5$1
com.xinji.heartbeat.ConnectFragment$$InternalSyntheticLambda$1$d1ab36e8490c9a34fb4cbe8c5b94c504898acb6b918a60ad76931f781389b4d5$3
com.xinji.heartbeat.ConnectFragment$$InternalSyntheticLambda$1$d1ab36e8490c9a34fb4cbe8c5b94c504898acb6b918a60ad76931f781389b4d5$4
com.xinji.heartbeat.ConnectFragment$$InternalSyntheticLambda$1$d1ab36e8490c9a34fb4cbe8c5b94c504898acb6b918a60ad76931f781389b4d5$5
com.xinji.heartbeat.ConnectFragment$$InternalSyntheticLambda$1$d1ab36e8490c9a34fb4cbe8c5b94c504898acb6b918a60ad76931f781389b4d5$6
com.xinji.heartbeat.ConnectFragment$$InternalSyntheticLambda$1$fee1f7f7fb06f50b79400e3c7f8ab4b0a7a86dd4b6a312e11fd6be276627a0bc$0
com.xinji.heartbeat.ConnectFragment$1$$InternalSyntheticLambda$1$5622f9f5aae06a638ff10bea6a7491084fb38d3ec7aef32a091ee962fecd1c3d$0
com.xinji.heartbeat.ConnectFragment$1$$InternalSyntheticLambda$1$f08ded0eaeafbda2b8181935b6d41abbd7f542724a477c54a425144ae1536adb$0
com.xinji.heartbeat.GameModeFragment$$InternalSyntheticLambda$1$299112b64d049f46eb8c37b5229f0433cdd5264b269b40ebf82f909ba8f5bfef$0
com.xinji.heartbeat.GameModeFragment$$InternalSyntheticLambda$1$317c1cf21f737542eeb17d3864a0f85593e52447e368537a6806bcc2abc3b503$0
com.xinji.heartbeat.GameModeFragment$$InternalSyntheticLambda$1$87aa38c93e200d1e0a92b4ed2e0c52c40386d083dc824448efed9f34e938a8c1$0
com.xinji.heartbeat.GameModeFragment$RecordsAdapter$$InternalSyntheticLambda$1$3fd03dd6fa8cbf2ae0376beefef698a47a2fbe9c7720c6cd7b3923608736879e$0
com.xinji.heartbeat.GameRecordsActivity$$InternalSyntheticLambda$1$46ad8996f486b2238be802579ea771651115f1b0101523f2e989b22838b6cbf1$1
com.xinji.heartbeat.GameRecordsActivity$$InternalSyntheticLambda$1$46ad8996f486b2238be802579ea771651115f1b0101523f2e989b22838b6cbf1$2
com.xinji.heartbeat.MainActivity$$InternalSyntheticApiModelOutline$1$68c26eaae5f45d1e4a44077ea2378034c31b32c38ded083f2116e1a0039ea745$0
com.xinji.heartbeat.MainActivity$$InternalSyntheticApiModelOutline$1$68c26eaae5f45d1e4a44077ea2378034c31b32c38ded083f2116e1a0039ea745$1
...
androidx.core.app.NavUtils:
    public static final java.lang.String PARENT_ACTIVITY
    private static final java.lang.String TAG
    private void <init>()
    public static android.content.Intent getParentActivityIntent(android.content.Context,java.lang.Class)
    public static void navigateUpFromSameTask(android.app.Activity)
androidx.core.app.NotificationBuilderWithBuilderAccessor
androidx.core.app.NotificationChannelCompat$Builder
androidx.core.app.NotificationChannelCompat
androidx.core.app.NotificationChannelGroupCompat$Builder
androidx.core.app.NotificationChannelGroupCompat
androidx.core.app.NotificationCompat$1
androidx.core.app.NotificationCompat$Action$Builder
androidx.core.app.NotificationCompat$Action$Extender
androidx.core.app.NotificationCompat$Action$SemanticAction
androidx.core.app.NotificationCompat$Action$WearableExtender
androidx.core.app.NotificationCompat$Action
androidx.core.app.NotificationCompat$BadgeIconType
androidx.core.app.NotificationCompat$BigPictureStyle$Api16Impl
androidx.core.app.NotificationCompat$BigPictureStyle$Api23Impl
androidx.core.app.NotificationCompat$BigPictureStyle$Api31Impl
androidx.core.app.NotificationCompat$BigPictureStyle
androidx.core.app.NotificationCompat$BigTextStyle
androidx.core.app.NotificationCompat$BubbleMetadata$Api29Impl
androidx.core.app.NotificationCompat$BubbleMetadata$Api30Impl
androidx.core.app.NotificationCompat$BubbleMetadata$Builder
androidx.core.app.NotificationCompat$BubbleMetadata
androidx.core.app.NotificationCompat$Builder
androidx.core.app.NotificationCompat$CarExtender$UnreadConversation$Builder
androidx.core.app.NotificationCompat$CarExtender$UnreadConversation
androidx.core.app.NotificationCompat$CarExtender
androidx.core.app.NotificationCompat$DecoratedCustomViewStyle
androidx.core.app.NotificationCompat$Extender
androidx.core.app.NotificationCompat$GroupAlertBehavior
androidx.core.app.NotificationCompat$InboxStyle
androidx.core.app.NotificationCompat$MessagingStyle$Message
androidx.core.app.NotificationCompat$MessagingStyle
androidx.core.app.NotificationCompat$NotificationVisibility
androidx.core.app.NotificationCompat$ServiceNotificationBehavior
androidx.core.app.NotificationCompat$StreamType
androidx.core.app.NotificationCompat$Style
androidx.core.app.NotificationCompat$WearableExtender
androidx.core.app.NotificationCompat
androidx.core.app.NotificationCompatBuilder
androidx.core.app.NotificationCompatExtras
androidx.core.app.NotificationCompatJellybean
androidx.core.app.NotificationCompatSideChannelService$NotificationSideChannelStub
androidx.core.app.NotificationCompatSideChannelService
androidx.core.app.NotificationManagerCompat$CancelTask
androidx.core.app.NotificationManagerCompat$NotifyTask
androidx.core.app.NotificationManagerCompat$ServiceConnectedEvent
androidx.core.app.NotificationManagerCompat$SideChannelManager$ListenerRecord
androidx.core.app.NotificationManagerCompat$SideChannelManager
androidx.core.app.NotificationManagerCompat$Task